{"/home/sachu/code/MasalaMandi/src/components/Contact.jsx": {"path":"/home/sachu/code/MasalaMandi/src/components/Contact.jsx","statementMap":{"0":{"start":{"line":1,"column":16},"end":{"line":22,"column":1}},"1":{"start":{"line":2,"column":2},"end":{"line":21,"column":4}}},"fnMap":{"0":{"name":"(anonymous_0)","decl":{"start":{"line":1,"column":16},"end":{"line":1,"column":17}},"loc":{"start":{"line":1,"column":22},"end":{"line":22,"column":1}},"line":1}},"branchMap":{},"s":{"0":1,"1":5},"f":{"0":5},"b":{},"_coverageSchema":"1a1c01bbd47fc00a2c39e90264f33305004495a9","hash":"e7673dd3f77ee0eff10cdc73350e55e45e70f1d7"}
}
